New version of client (16.3.0) available at https://ftp.ncbi.nlm.nih.gov/pub/datasets/command-line/LATEST/linux-amd64/datasets
Collecting 1  records [------------------------------------------------]   0% 0/1
[1A[2KCollecting 1  records [------------------------------------------------]   0% 0/1
[1A[2KCollecting 1  records [------------------------------------------------]   0% 0/1
[1A[2KCollecting 1  records [------------------------------------------------]   0% 0/1
[1A[2KCollecting 1  records [------------------------------------------------]   0% 0/1
[1A[2KCollecting 1  records [------------------------------------------------]   0% 0/1
[1A[2KCollecting 1  records [------------------------------------------------]   0% 0/1
[1A[2KCollecting 1  records [------------------------------------------------]   0% 0/1
[1A[2KCollecting 1  records [------------------------------------------------]   0% 0/1
[1A[2KCollecting 1  records [------------------------------------------------]   0% 0/1
[1A[2KCollecting 1  records [------------------------------------------------]   0% 0/1
[1A[2KCollecting 1  records [================================================] 100% 1/1
[1A[2KCollecting 1  records [================================================] 100% 1/1
[1A[2KCollecting 1  records [================================================] 100% 1/1
[1A[2KCollecting 1  records [================================================] 100% 1/1
[1A[2KCollecting 1  records [================================================] 100% 1/1
[1A[2KCollecting 1  records [================================================] 100% 1/1
[1A[2KCollecting 1  records [================================================] 100% 1/1
[1A[2KCollecting 1  records [================================================] 100% 1/1
[1A[2KCollecting 1  records [================================================] 100% 1/1
[1A[2KCollecting 1  records [================================================] 100% 1/1
[1A[2KCollecting 1  records [================================================] 100% 1/1
[1A[2KCollecting 1  records [================================================] 100% 1/1
[1A[2KCollecting 1  records [================================================] 100% 1/1
[1A[2KCollecting 1  records [================================================] 100% 1/1
[1A[2KCollecting 1  records [================================================] 100% 1/1
[1A[2KCollecting 1  records [================================================] 100% 1/1
[1A[2KCollecting 1  records [================================================] 100% 1/1
[1A[2KCollecting 1  records [================================================] 100% 1/1
[1A[2KCollecting 1  records [================================================] 100% 1/1
[1A[2KCollecting 1  records [================================================] 100% 1/1
Downloading: ncbi_dataset.zip    2.19kB 5.48MB/s
[1A[2K[1A[2KCollecting 1  records [================================================] 100% 1/1
Downloading: ncbi_dataset.zip    2.19kB 5.48MB/s
[1A[2K[1A[2KCollecting 1  records [================================================] 100% 1/1
Downloading: ncbi_dataset.zip    2.19kB 5.48MB/s
[1A[2K[1A[2KCollecting 1  records [================================================] 100% 1/1
Downloading: ncbi_dataset.zip    2.19kB 5.48MB/s
[1A[2K[1A[2KCollecting 1  records [================================================] 100% 1/1
Downloading: ncbi_dataset.zip    2.19kB 5.48MB/s
[1A[2K[1A[2KCollecting 1  records [================================================] 100% 1/1
Downloading: ncbi_dataset.zip    2.19kB 5.48MB/s
[1A[2K[1A[2KCollecting 1  records [================================================] 100% 1/1
Downloading: ncbi_dataset.zip    2.19kB 5.48MB/s
[1A[2K[1A[2KCollecting 1  records [================================================] 100% 1/1
Downloading: ncbi_dataset.zip    2.19kB 5.48MB/s
[1A[2K[1A[2KCollecting 1  records [================================================] 100% 1/1
Downloading: ncbi_dataset.zip    2.19kB 5.48MB/s
[1A[2K[1A[2KCollecting 1  records [================================================] 100% 1/1
Downloading: ncbi_dataset.zip    2.19kB 5.48MB/s
[1A[2K[1A[2KCollecting 1  records [================================================] 100% 1/1
Downloading: ncbi_dataset.zip    2.19kB 5.48MB/s
[1A[2K[1A[2KCollecting 1  records [================================================] 100% 1/1
Downloading: ncbi_dataset.zip    2.19kB 5.48MB/s
[1A[2K[1A[2KCollecting 1  records [================================================] 100% 1/1
Downloading: ncbi_dataset.zip    2.19kB 5.48MB/s
[1A[2K[1A[2KCollecting 1  records [================================================] 100% 1/1
Downloading: ncbi_dataset.zip    2.19kB 5.48MB/s
[1A[2K[1A[2KCollecting 1  records [================================================] 100% 1/1
Downloading: ncbi_dataset.zip    2.19kB 5.48MB/s
[1A[2K[1A[2KCollecting 1  records [================================================] 100% 1/1
Downloading: ncbi_dataset.zip    2.32kB 13.5kB/s
[1A[2K[1A[2KCollecting 1  records [================================================] 100% 1/1
Downloading: ncbi_dataset.zip    2.32kB 13.5kB/s
[1A[2K[1A[2KCollecting 1  records [================================================] 100% 1/1
Downloading: ncbi_dataset.zip    2.32kB 13.5kB/s
[1A[2K[1A[2KCollecting 1  records [================================================] 100% 1/1
Downloading: ncbi_dataset.zip    2.32kB 13.5kB/s
[1A[2K[1A[2KCollecting 1  records [================================================] 100% 1/1
Downloading: ncbi_dataset.zip    2.32kB 13.5kB/s
[1A[2K[1A[2KCollecting 1  records [================================================] 100% 1/1
Downloading: ncbi_dataset.zip    2.32kB 13.5kB/s
[1A[2K[1A[2KCollecting 1  records [================================================] 100% 1/1
Downloading: ncbi_dataset.zip    2.32kB 13.5kB/s
[1A[2K[1A[2KCollecting 1  records [================================================] 100% 1/1
Downloading: ncbi_dataset.zip    2.32kB 13.5kB/s
[1A[2K[1A[2KCollecting 1  records [================================================] 100% 1/1
Downloading: ncbi_dataset.zip    32.8kB 130kB/s
[1A[2K[1A[2KCollecting 1  records [================================================] 100% 1/1
Downloading: ncbi_dataset.zip    32.8kB 130kB/s
[1A[2K[1A[2KCollecting 1  records [================================================] 100% 1/1
Downloading: ncbi_dataset.zip    32.8kB 130kB/s
[1A[2K[1A[2KCollecting 1  records [================================================] 100% 1/1
Downloading: ncbi_dataset.zip    32.8kB 130kB/s
[1A[2K[1A[2KCollecting 1  records [================================================] 100% 1/1
Downloading: ncbi_dataset.zip    32.8kB 130kB/s
[1A[2K[1A[2KCollecting 1  records [================================================] 100% 1/1
Downloading: ncbi_dataset.zip    32.8kB 130kB/s
[1A[2K[1A[2KCollecting 1  records [================================================] 100% 1/1
Downloading: ncbi_dataset.zip    65.5kB 211kB/s
[1A[2K[1A[2KCollecting 1  records [================================================] 100% 1/1
Downloading: ncbi_dataset.zip    65.5kB 211kB/s
[1A[2K[1A[2KCollecting 1  records [================================================] 100% 1/1
Downloading: ncbi_dataset.zip    65.5kB 211kB/s
[1A[2K[1A[2KCollecting 1  records [================================================] 100% 1/1
Downloading: ncbi_dataset.zip    65.5kB 211kB/s
[1A[2K[1A[2KCollecting 1  records [================================================] 100% 1/1
Downloading: ncbi_dataset.zip    65.5kB 211kB/s
[1A[2K[1A[2KCollecting 1  records [================================================] 100% 1/1
Downloading: ncbi_dataset.zip    98.3kB 268kB/s
[1A[2K[1A[2KCollecting 1  records [================================================] 100% 1/1
Downloading: ncbi_dataset.zip    197kB 523kB/s
[1A[2K[1A[2KCollecting 1  records [================================================] 100% 1/1
Downloading: ncbi_dataset.zip    197kB 523kB/s
[1A[2K[1A[2KCollecting 1  records [================================================] 100% 1/1
Downloading: ncbi_dataset.zip    197kB 523kB/s
[1A[2K[1A[2KCollecting 1  records [================================================] 100% 1/1
Downloading: ncbi_dataset.zip    197kB 523kB/s
[1A[2K[1A[2KCollecting 1  records [================================================] 100% 1/1
Downloading: ncbi_dataset.zip    197kB 523kB/s
[1A[2K[1A[2KCollecting 1  records [================================================] 100% 1/1
Downloading: ncbi_dataset.zip    229kB 531kB/s
[1A[2K[1A[2KCollecting 1  records [================================================] 100% 1/1
Downloading: ncbi_dataset.zip    393kB 890kB/s
[1A[2K[1A[2KCollecting 1  records [================================================] 100% 1/1
Downloading: ncbi_dataset.zip    393kB 890kB/s
[1A[2K[1A[2KCollecting 1  records [================================================] 100% 1/1
Downloading: ncbi_dataset.zip    393kB 890kB/s
[1A[2K[1A[2KCollecting 1  records [================================================] 100% 1/1
Downloading: ncbi_dataset.zip    393kB 890kB/s
[1A[2K[1A[2KCollecting 1  records [================================================] 100% 1/1
Downloading: ncbi_dataset.zip    393kB 890kB/s
[1A[2K[1A[2KCollecting 1  records [================================================] 100% 1/1
Downloading: ncbi_dataset.zip    393kB 890kB/s
[1A[2K[1A[2KCollecting 1  records [================================================] 100% 1/1
Downloading: ncbi_dataset.zip    557kB 1.1MB/s
[1A[2K[1A[2KCollecting 1  records [================================================] 100% 1/1
Downloading: ncbi_dataset.zip    852kB 1.67MB/s
[1A[2K[1A[2KCollecting 1  records [================================================] 100% 1/1
Downloading: ncbi_dataset.zip    852kB 1.67MB/s
[1A[2K[1A[2KCollecting 1  records [================================================] 100% 1/1
Downloading: ncbi_dataset.zip    852kB 1.67MB/s
[1A[2K[1A[2KCollecting 1  records [================================================] 100% 1/1
Downloading: ncbi_dataset.zip    852kB 1.67MB/s
[1A[2K[1A[2KCollecting 1  records [================================================] 100% 1/1
Downloading: ncbi_dataset.zip    852kB 1.67MB/s
[1A[2K[1A[2KCollecting 1  records [================================================] 100% 1/1
Downloading: ncbi_dataset.zip    1.02MB 1.81MB/s
[1A[2K[1A[2KCollecting 1  records [================================================] 100% 1/1
Downloading: ncbi_dataset.zip    1.67MB 2.9MB/s
[1A[2K[1A[2KCollecting 1  records [================================================] 100% 1/1
Downloading: ncbi_dataset.zip    1.67MB 2.9MB/s
[1A[2K[1A[2KCollecting 1  records [================================================] 100% 1/1
Downloading: ncbi_dataset.zip    1.67MB 2.9MB/s
[1A[2K[1A[2KCollecting 1  records [================================================] 100% 1/1
Downloading: ncbi_dataset.zip    1.67MB 2.9MB/s
[1A[2K[1A[2KCollecting 1  records [================================================] 100% 1/1
Downloading: ncbi_dataset.zip    1.67MB 2.9MB/s
[1A[2K[1A[2KCollecting 1  records [================================================] 100% 1/1
Downloading: ncbi_dataset.zip    1.67MB 2.9MB/s
[1A[2K[1A[2KCollecting 1  records [================================================] 100% 1/1
Downloading: ncbi_dataset.zip    1.67MB 2.9MB/s
[1A[2K[1A[2KCollecting 1  records [================================================] 100% 1/1
Downloading: ncbi_dataset.zip    1.67MB 2.9MB/s
[1A[2K[1A[2KCollecting 1  records [================================================] 100% 1/1
Downloading: ncbi_dataset.zip    1.67MB 2.9MB/s
[1A[2K[1A[2KCollecting 1  records [================================================] 100% 1/1
Downloading: ncbi_dataset.zip    1.67MB 2.9MB/s
[1A[2K[1A[2KCollecting 1  records [================================================] 100% 1/1
Downloading: ncbi_dataset.zip    1.67MB 2.9MB/s
[1A[2K[1A[2KCollecting 1  records [================================================] 100% 1/1
Downloading: ncbi_dataset.zip    1.67MB 2.9MB/s
[1A[2K[1A[2KCollecting 1  records [================================================] 100% 1/1
Downloading: ncbi_dataset.zip    1.67MB 2.9MB/s
[1A[2K[1A[2KCollecting 1  records [================================================] 100% 1/1
Downloading: ncbi_dataset.zip    2.1MB 2.94MB/s
[1A[2K[1A[2KCollecting 1  records [================================================] 100% 1/1
Downloading: ncbi_dataset.zip    4.33MB 5.98MB/s
[1A[2K[1A[2KCollecting 1  records [================================================] 100% 1/1
Downloading: ncbi_dataset.zip    4.33MB 5.98MB/s
[1A[2K[1A[2KCollecting 1  records [================================================] 100% 1/1
Downloading: ncbi_dataset.zip    4.33MB 5.98MB/s
[1A[2K[1A[2KCollecting 1  records [================================================] 100% 1/1
Downloading: ncbi_dataset.zip    4.33MB 5.98MB/s
[1A[2K[1A[2KCollecting 1  records [================================================] 100% 1/1
Downloading: ncbi_dataset.zip    4.59MB 6.01MB/s
[1A[2K[1A[2KCollecting 1  records [================================================] 100% 1/1
Downloading: ncbi_dataset.zip    4.85MB 6.24MB/s
[1A[2K[1A[2KCollecting 1  records [================================================] 100% 1/1
Downloading: ncbi_dataset.zip    4.95MB 6.32MB/s
[1A[2K[1A[2KCollecting 1  records [================================================] 100% 1/1
Downloading: ncbi_dataset.zip    4.95MB 6.32MB/s
[1A[2K[1A[2KCollecting 1  records [================================================] 100% 1/1
Downloading: ncbi_dataset.zip    4.95MB 6.32MB/s
[1A[2K[1A[2KCollecting 1  records [================================================] 100% 1/1
Downloading: ncbi_dataset.zip    4.95MB 6.32MB/s
[1A[2K[1A[2KCollecting 1  records [================================================] 100% 1/1
Downloading: ncbi_dataset.zip    5.21MB 6.31MB/s
[1A[2K[1A[2KCollecting 1  records [================================================] 100% 1/1
Downloading: ncbi_dataset.zip    5.67MB 6.78MB/s
[1A[2K[1A[2KCollecting 1  records [================================================] 100% 1/1
Downloading: ncbi_dataset.zip    5.8MB 6.84MB/s
[1A[2K[1A[2KCollecting 1  records [================================================] 100% 1/1
Downloading: ncbi_dataset.zip    5.8MB 6.84MB/s
[1A[2K[1A[2KCollecting 1  records [================================================] 100% 1/1
Downloading: ncbi_dataset.zip    5.8MB 6.84MB/s
[1A[2K[1A[2KCollecting 1  records [================================================] 100% 1/1
Downloading: ncbi_dataset.zip    5.8MB 6.84MB/s
[1A[2K[1A[2KCollecting 1  records [================================================] 100% 1/1
Downloading: ncbi_dataset.zip    6.06MB 6.8MB/s
[1A[2K[1A[2KCollecting 1  records [================================================] 100% 1/1
Downloading: ncbi_dataset.zip    6.49MB 7.2MB/s
[1A[2K[1A[2KCollecting 1  records [================================================] 100% 1/1
Downloading: ncbi_dataset.zip    6.65MB 7.3MB/s
[1A[2K[1A[2KCollecting 1  records [================================================] 100% 1/1
Downloading: ncbi_dataset.zip    6.65MB 7.3MB/s
[1A[2K[1A[2KCollecting 1  records [================================================] 100% 1/1
Downloading: ncbi_dataset.zip    6.65MB 7.3MB/s
[1A[2K[1A[2KCollecting 1  records [================================================] 100% 1/1
Downloading: ncbi_dataset.zip    6.65MB 7.3MB/s
[1A[2K[1A[2KCollecting 1  records [================================================] 100% 1/1
Downloading: ncbi_dataset.zip    6.72MB 7.05MB/s
[1A[2K[1A[2KCollecting 1  records [================================================] 100% 1/1
Downloading: ncbi_dataset.zip    7.05MB 7.31MB/s
[1A[2K[1A[2KCollecting 1  records [================================================] 100% 1/1
Downloading: ncbi_dataset.zip    7.15MB done
Archive:  ncbi_dataset.zip
  inflating: ncbi_dataset/README.md  
  inflating: ncbi_dataset/ncbi_dataset/data/assembly_data_report.jsonl  
  inflating: ncbi_dataset/ncbi_dataset/data/GCA_016617785.1/GCA_016617785.1_ASM1661778v1_genomic.fna  
  inflating: ncbi_dataset/ncbi_dataset/data/dataset_catalog.json  
