IQ-TREE multicore version 2.2.2.6 COVID-edition for Linux 64-bit built May 27 2023
Developed by Bui Quang Minh, James Barbetti, Nguyen Lam Tung,
Olga Chernomor, Heiko Schmidt, Dominik Schrempf, Michael Woodhams, Ly Trong Nhan.

Host:    i45 (AVX2, FMA3, 251 GB RAM)
Command: iqtree2 -nt AUTO -s aln_ITS/ALL_ITS_full.fasaln.clipkit -alrt 1000 -bb 1000 -m MFP
Seed:    633917 (Using SPRNG - Scalable Parallel Random Number Generator)
Time:    Mon Feb 12 15:06:34 2024
Kernel:  AVX+FMA - auto-detect threads (16 CPU cores detected)

Reading alignment file aln_ITS/ALL_ITS_full.fasaln.clipkit ... Fasta format detected
Reading fasta file: done in 0.000441074 secs using 82.3% CPU
Alignment most likely contains DNA/RNA sequences
Constructing alignment: done in 0.00151896 secs using 1023% CPU
Alignment has 31 sequences with 671 columns, 304 distinct patterns
163 parsimony-informative, 81 singleton sites, 427 constant sites
                                          Gap/Ambiguity  Composition  p-value
Analyzing sequences: done in 1.90735e-05 secs using 94.37% CPU
   1  coniochaeta_sp_jdc7.sorted_scaffold_68|F   26.97%    passed     67.22%
   2  NR_189971.1                                16.84%    passed     96.30%
   3  NR_185589.1                                11.62%    passed     95.12%
   4  NR_177572.1                                35.17%    passed     90.32%
   5  NR_177571.1                                35.17%    passed     96.06%
   6  NR_175055.1                                10.13%    passed     71.18%
   7  NR_173009.1                                18.18%    passed     77.40%
   8  NR_172554.1                                19.08%    passed     80.67%
   9  NR_168225.1                                26.08%    passed     98.14%
  10  NR_167688.1                                 1.49%    passed     60.66%
  11  NR_164024.1                                22.06%    passed     98.58%
  12  NR_159779.1                                26.23%    passed     90.31%
  13  NR_159776.1                                28.17%    passed     83.98%
  14  NR_159774.1                                23.99%    passed     51.91%
  15  NR_159772.1                                24.89%    passed     66.43%
  16  NR_121521.1                                 2.68%    passed     31.41%
  17  NR_121473.1                                 9.39%    passed     86.95%
  18  NR_120211.1                                13.71%    passed     92.38%
  19  NR_111520.1                                27.12%    passed     97.09%
  20  NR_111519.1                                26.97%    passed     95.39%
  21  NR_111517.1                                26.53%    passed     73.43%
  22  NR_154808.1                                 3.28%    passed     83.92%
  23  NR_157509.1                                15.05%    passed     93.95%
  24  NR_157508.1                                14.61%    passed     99.64%
  25  NR_157478.1                                11.62%    passed     85.19%
  26  NR_154770.1                                26.97%    passed     72.42%
  27  NR_154769.1                                26.97%    passed     94.26%
  28  NR_144912.1                                28.32%    passed     86.25%
  29  NR_137725.1                                19.82%    passed     99.31%
  30  NR_137037.1                                19.97%    passed     94.38%
  31  NR_171740.1                                22.50%    passed     81.44%
****  TOTAL                                      20.05%  0 sequences failed composition chi2 test (p-value<5%; df=3)
Checking for duplicate sequences: done in 0.000174999 secs using 7006% CPU


Create initial parsimony tree by phylogenetic likelihood library (PLL)... 0.002 seconds
Measuring multi-threading efficiency up to 16 CPU cores
Increase to 10 rounds for branch lengths
952 trees examined
Threads: 1 / Time: 16.006 sec / Speedup: 1.000 / Efficiency: 100% / LogL: -5213
Threads: 2 / Time: 14.544 sec / Speedup: 1.101 / Efficiency: 55% / LogL: -5213
Threads: 3 / Time: 13.255 sec / Speedup: 1.208 / Efficiency: 40% / LogL: -5213
Determining AUTO threadcount: done in 43.8094 secs using 198.2% CPU
BEST NUMBER OF THREADS: 2

Perform fast likelihood tree search using GTR+I+G model...
Estimate model parameters (epsilon = 5.000)
Perform nearest neighbor interchange...
Optimizing NNI: done in 0.0108979 secs using 282.4% CPU
Estimate model parameters (epsilon = 1.000)
1. Initial log-likelihood: -4084.619
Optimal log-likelihood: -4084.424
Rate parameters:  A-C: 1.46543  A-G: 1.85091  A-T: 1.05718  C-G: 1.18949  C-T: 5.05455  G-T: 1.00000
Base frequencies:  A: 0.243  C: 0.264  G: 0.268  T: 0.224
Proportion of invariable sites: 0.325
Gamma shape alpha: 0.480
Parameters optimization took 1 rounds (0.015 sec)
Time for fast ML tree search: 0.074 seconds

NOTE: ModelFinder requires 4 MB RAM!
ModelFinder will test up to 484 DNA models (sample size: 671) ...
 No. Model         -LnL         df  AIC          AICc         BIC
  1  GTR+F         4409.987     67  8953.974     8969.085     9256.061
  2  GTR+F+I       4148.119     68  8432.237     8447.825     8738.833
  3  GTR+F+G4      4093.464     68  8322.928     8338.516     8629.524
  4  GTR+F+I+G4    4084.313     69  8306.625     8322.698     8617.730
  5  GTR+F+R2      4103.401     69  8344.802     8360.875     8655.907
  6  GTR+F+R3      4079.083     71  8300.167     8317.235     8620.289
  7  GTR+F+R4      4078.871     73  8303.743     8321.840     8632.883
 14  GTR+F+I+R2    4081.476     70  8302.951     8319.518     8618.565
 15  GTR+F+I+R3    4078.632     72  8301.264     8318.843     8625.896
 26  SYM+I+G4      4087.172     66  8306.345     8320.987     8603.923
 28  SYM+R3        4102.029     68  8340.058     8355.646     8646.654
 36  SYM+I+R2      4084.447     67  8302.893     8318.004     8604.981
 37  SYM+I+R3      4081.689     69  8301.378     8317.452     8612.483
 48  TVM+F+I+G4    4105.492     68  8346.984     8362.572     8653.580
 50  TVM+F+R3      4122.144     70  8384.289     8400.855     8699.903
 58  TVM+F+I+R2    4099.355     69  8336.711     8352.784     8647.816
 59  TVM+F+I+R3    4097.364     71  8336.728     8353.797     8656.851
 70  TVMe+I+G4     4104.735     65  8339.470     8353.652     8632.540
 72  TVMe+R3       4120.405     67  8374.810     8389.921     8676.898
 80  TVMe+I+R2     4099.237     66  8330.474     8345.116     8628.053
 81  TVMe+I+R3     4097.355     68  8330.709     8346.297     8637.305
 92  TIM3+F+I+G4   4084.810     67  8303.620     8318.731     8605.708
 94  TIM3+F+R3     4079.898     69  8297.795     8313.868     8608.900
102  TIM3+F+I+R2   4082.199     68  8300.399     8315.987     8606.995
103  TIM3+F+I+R3   4079.460     70  8298.920     8315.487     8614.534
114  TIM3e+I+G4    4087.330     64  8302.659     8316.389     8591.220
116  TIM3e+R3      4102.232     66  8336.464     8351.107     8634.043
124  TIM3e+I+R2    4084.686     65  8299.373     8313.555     8592.443
125  TIM3e+I+R3    4082.018     67  8298.037     8313.148     8600.124
136  TIM2+F+I+G4   4085.471     67  8304.942     8320.054     8607.030
138  TIM2+F+R3     4080.501     69  8299.001     8315.074     8610.106
146  TIM2+F+I+R2   4082.992     68  8301.983     8317.571     8608.579
147  TIM2+F+I+R3   4080.003     70  8300.007     8316.574     8615.621
158  TIM2e+I+G4    4090.583     64  8309.165     8322.895     8597.726
160  TIM2e+R3      4105.596     66  8343.193     8357.835     8640.771
168  TIM2e+I+R2    4088.018     65  8306.036     8320.218     8599.106
169  TIM2e+I+R3    4085.206     67  8304.411     8319.522     8606.499
180  TIM+F+I+G4    4085.813     67  8305.626     8320.737     8607.713
182  TIM+F+R3      4080.986     69  8299.973     8316.046     8611.078
190  TIM+F+I+R2    4083.320     68  8302.641     8318.229     8609.237
191  TIM+F+I+R3    4080.521     70  8301.042     8317.608     8616.656
202  TIMe+I+G4     4090.580     64  8309.160     8322.889     8597.721
204  TIMe+R3       4105.635     66  8343.270     8357.913     8640.849
212  TIMe+I+R2     4087.983     65  8305.965     8320.147     8599.035
213  TIMe+I+R3     4085.283     67  8304.566     8319.677     8606.654
224  TPM3u+F+I+G4  4106.118     66  8344.235     8358.878     8641.814
226  TPM3u+F+R3    4122.676     68  8381.353     8396.941     8687.949
234  TPM3u+F+I+R2  4100.109     67  8334.218     8349.330     8636.306
235  TPM3u+F+I+R3  4098.164     69  8334.328     8350.402     8645.434
246  TPM3+I+G4     4104.922     63  8335.845     8349.130     8619.897
248  TPM3+R3       4120.554     65  8371.107     8385.289     8664.177
256  TPM3+I+R2     4099.470     64  8326.940     8340.669     8615.501
257  TPM3+I+R3     4097.597     66  8327.195     8341.837     8624.773
268  TPM2u+F+I+G4  4107.107     66  8346.213     8360.856     8643.792
270  TPM2u+F+R3    4124.104     68  8384.207     8399.795     8690.804
278  TPM2u+F+I+R2  4100.937     67  8335.873     8350.984     8637.961
279  TPM2u+F+I+R3  4098.888     69  8335.775     8351.849     8646.881
290  TPM2+I+G4     4108.336     63  8342.672     8355.957     8626.725
292  TPM2+R3       4124.511     65  8379.023     8393.205     8672.093
300  TPM2+I+R2     4102.613     64  8333.226     8346.956     8621.787
301  TPM2+I+R3     4100.677     66  8333.354     8347.996     8630.933
312  K3Pu+F+I+G4   4107.477     66  8346.955     8361.597     8644.533
314  K3Pu+F+R3     4124.340     68  8384.680     8400.268     8691.276
322  K3Pu+F+I+R2   4101.266     67  8336.532     8351.643     8638.619
323  K3Pu+F+I+R3   4099.281     69  8336.561     8352.634     8647.666
334  K3P+I+G4      4108.277     63  8342.555     8355.840     8626.607
336  K3P+R3        4124.480     65  8378.959     8393.141     8672.029
344  K3P+I+R2      4102.538     64  8333.076     8346.806     8621.638
345  K3P+I+R3      4100.627     66  8333.255     8347.897     8630.834
356  TN+F+I+G4     4086.004     66  8304.008     8318.651     8601.587
358  TN+F+R3       4081.219     68  8298.437     8314.025     8605.033
366  TN+F+I+R2     4083.539     67  8301.078     8316.190     8603.166
367  TN+F+I+R3     4080.693     69  8299.386     8315.459     8610.491
378  TNe+I+G4      4090.719     63  8307.438     8320.723     8591.490
380  TNe+R3        4105.720     65  8341.439     8355.621     8634.509
388  TNe+I+R2      4088.123     64  8304.245     8317.975     8592.806
389  TNe+I+R3      4085.378     66  8302.757     8317.399     8600.335
400  HKY+F+I+G4    4107.654     65  8345.307     8359.489     8638.377
402  HKY+F+R3      4124.502     67  8383.003     8398.114     8685.091
410  HKY+F+I+R2    4101.512     66  8335.024     8349.667     8632.603
411  HKY+F+I+R3    4099.529     68  8335.057     8350.645     8641.653
422  K2P+I+G4      4108.383     62  8340.765     8353.614     8620.309
424  K2P+R3        4124.570     64  8377.139     8390.869     8665.701
432  K2P+I+R2      4102.704     63  8331.407     8344.692     8615.460
433  K2P+I+R3      4100.790     65  8331.580     8345.762     8624.650
444  F81+F+I+G4    4168.955     64  8465.909     8479.639     8754.471
446  F81+F+R3      4184.957     66  8501.914     8516.556     8799.493
454  F81+F+I+R2    4163.381     65  8456.763     8470.945     8749.833
455  F81+F+I+R3    4161.534     67  8457.067     8472.178     8759.155
466  JC+I+G4       4167.619     61  8457.238     8469.658     8732.273
468  JC+R3         4183.306     63  8492.613     8505.898     8776.665
476  JC+I+R2       4162.278     62  8448.556     8461.405     8728.100
477  JC+I+R3       4160.524     64  8449.048     8462.778     8737.609
Akaike Information Criterion:           TIM3+F+R3
Corrected Akaike Information Criterion: TIM3e+I+R3
Bayesian Information Criterion:         TIM3e+I+G4
Best-fit model: TIM3e+I+G4 chosen according to BIC

All model information printed to aln_ITS/ALL_ITS_full.fasaln.clipkit.model.gz
CPU time for ModelFinder: 106.983 seconds (0h:1m:46s)
Wall-clock time for ModelFinder: 53.803 seconds (0h:0m:53s)
Generating 1000 samples for ultrafast bootstrap (seed: 633917)...

NOTE: 2 MB RAM (0 GB) is required!
Estimate model parameters (epsilon = 0.100)
Thoroughly optimizing +I+G parameters from 10 start values...
Init pinv, alpha: 0.000, 0.525 / Estimate: 0.000, 0.262 / LogL: -4096.271
Init pinv, alpha: 0.071, 0.525 / Estimate: 0.300, 0.460 / LogL: -4088.064
Init pinv, alpha: 0.141, 0.525 / Estimate: 0.300, 0.460 / LogL: -4088.056
Init pinv, alpha: 0.212, 0.525 / Estimate: 0.300, 0.460 / LogL: -4088.061
Init pinv, alpha: 0.283, 0.525 / Estimate: 0.301, 0.461 / LogL: -4088.047
Init pinv, alpha: 0.354, 0.525 / Estimate: 0.357, 0.539 / LogL: -4087.229
Init pinv, alpha: 0.424, 0.525 / Estimate: 0.419, 0.669 / LogL: -4086.946
Init pinv, alpha: 0.495, 0.525 / Estimate: 0.453, 0.771 / LogL: -4087.222
Init pinv, alpha: 0.566, 0.525 / Estimate: 0.456, 0.781 / LogL: -4087.270
Init pinv, alpha: 0.636, 0.525 / Estimate: 0.452, 0.768 / LogL: -4087.213
Optimal pinv,alpha: 0.419, 0.669 / LogL: -4086.946

Parameters optimization took 0.791 sec
Wrote distance file to... 
Computing ML distances based on estimated model parameters...
Calculating distance matrix: done in 0.00199485 secs using 157.1% CPU
Computing ML distances took 0.002106 sec (of wall-clock time) 0.003280 sec (of CPU time)
Setting up auxiliary I and S matrices: done in 7.31945e-05 secs using 267.8% CPU
Constructing RapidNJ tree: done in 0.000407934 secs using 164% CPU
Computing RapidNJ tree took 0.000549 sec (of wall-clock time) 0.001370 sec (of CPU time)
Log-likelihood of RapidNJ tree: -4109.320
--------------------------------------------------------------------
|             INITIALIZING CANDIDATE TREE SET                      |
--------------------------------------------------------------------
Generating 98 parsimony trees... 0.180 second
Computing log-likelihood of 98 initial trees ... 0.212 seconds
Current best score: -4085.471

Do NNI search on 20 best initial trees
Optimizing NNI: done in 0.036135 secs using 193.6% CPU
Estimate model parameters (epsilon = 0.100)
BETTER TREE FOUND at iteration 1: -4079.176
Optimizing NNI: done in 0.025589 secs using 197.7% CPU
Estimate model parameters (epsilon = 0.100)
BETTER TREE FOUND at iteration 2: -4078.008
Optimizing NNI: done in 0.015837 secs using 200.2% CPU
Optimizing NNI: done in 0.034503 secs using 200.6% CPU
Estimate model parameters (epsilon = 0.100)
BETTER TREE FOUND at iteration 4: -4077.745
Optimizing NNI: done in 0.015857 secs using 200% CPU
Optimizing NNI: done in 0.0115972 secs using 194% CPU
Optimizing NNI: done in 0.0284579 secs using 197.8% CPU
Optimizing NNI: done in 0.0192571 secs using 198% CPU
Optimizing NNI: done in 0.038013 secs using 197.7% CPU
Optimizing NNI: done in 0.0481179 secs using 195.2% CPU
Iteration 10 / LogL: -4081.021 / Time: 0h:0m:1s
Optimizing NNI: done in 0.0157809 secs using 199.4% CPU
Optimizing NNI: done in 0.0202661 secs using 194.4% CPU
Optimizing NNI: done in 0.034889 secs using 196.5% CPU
Optimizing NNI: done in 0.0190339 secs using 199.3% CPU
Optimizing NNI: done in 0.042454 secs using 199.4% CPU
Optimizing NNI: done in 0.0231161 secs using 195% CPU
Optimizing NNI: done in 0.0247822 secs using 199% CPU
Optimizing NNI: done in 0.026499 secs using 195.6% CPU
Optimizing NNI: done in 0.03018 secs using 199.4% CPU
Optimizing NNI: done in 0.033946 secs using 196.4% CPU
Iteration 20 / LogL: -4077.946 / Time: 0h:0m:1s
Finish initializing candidate tree set (16)
Current best tree score: -4077.745 / CPU time: 0.984
Number of iterations: 20
--------------------------------------------------------------------
|               OPTIMIZING CANDIDATE TREE SET                      |
--------------------------------------------------------------------
Optimizing NNI: done in 0.0305672 secs using 199.3% CPU
Estimate model parameters (epsilon = 0.100)
UPDATE BEST LOG-LIKELIHOOD: -4077.545
Optimizing NNI: done in 0.0347381 secs using 200.1% CPU
Optimizing NNI: done in 0.0392671 secs using 194.2% CPU
Optimizing NNI: done in 0.054832 secs using 195.7% CPU
Optimizing NNI: done in 0.025548 secs using 199.9% CPU
Optimizing NNI: done in 0.060688 secs using 197.7% CPU
Optimizing NNI: done in 0.033891 secs using 196.2% CPU
Optimizing NNI: done in 0.0307691 secs using 195.3% CPU
Optimizing NNI: done in 0.0407419 secs using 195.4% CPU
Optimizing NNI: done in 0.049211 secs using 193.3% CPU
Iteration 30 / LogL: -4078.790 / Time: 0h:0m:2s (0h:0m:5s left)
Optimizing NNI: done in 0.0406032 secs using 197.1% CPU
Optimizing NNI: done in 0.0516582 secs using 197.4% CPU
Optimizing NNI: done in 0.0360861 secs using 193.8% CPU
Optimizing NNI: done in 0.047859 secs using 199.2% CPU
Optimizing NNI: done in 0.0510449 secs using 195.5% CPU
Optimizing NNI: done in 0.0398521 secs using 199.3% CPU
Optimizing NNI: done in 0.0292299 secs using 199.3% CPU
Optimizing NNI: done in 0.0406492 secs using 199.3% CPU
Optimizing NNI: done in 0.0339909 secs using 196.4% CPU
Optimizing NNI: done in 0.0328751 secs using 193.2% CPU
Iteration 40 / LogL: -4079.197 / Time: 0h:0m:2s (0h:0m:4s left)
Optimizing NNI: done in 0.0513 secs using 197.4% CPU
Optimizing NNI: done in 0.0374129 secs using 199.3% CPU
Optimizing NNI: done in 0.0410571 secs using 196.9% CPU
Optimizing NNI: done in 0.0353971 secs using 198.7% CPU
Optimizing NNI: done in 0.0260198 secs using 199.3% CPU
Optimizing NNI: done in 0.038162 secs using 199.3% CPU
Optimizing NNI: done in 0.045301 secs using 197.7% CPU
Optimizing NNI: done in 0.0582051 secs using 197% CPU
Optimizing NNI: done in 0.035794 secs using 197.1% CPU
Optimizing NNI: done in 0.0390401 secs using 199.3% CPU
Iteration 50 / LogL: -4082.902 / Time: 0h:0m:3s (0h:0m:3s left)
Log-likelihood cutoff on original alignment: -4107.138
Optimizing NNI: done in 0.046108 secs using 195% CPU
Optimizing NNI: done in 0.0408139 secs using 199.9% CPU
Optimizing NNI: done in 0.0352972 secs using 200% CPU
Optimizing NNI: done in 0.0584481 secs using 199.4% CPU
Optimizing NNI: done in 0.0515389 secs using 199.8% CPU
Optimizing NNI: done in 0.0297549 secs using 200% CPU
Optimizing NNI: done in 0.0364089 secs using 199.4% CPU
Optimizing NNI: done in 0.054081 secs using 197.9% CPU
Optimizing NNI: done in 0.051954 secs using 197.9% CPU
Optimizing NNI: done in 0.043225 secs using 197.5% CPU
Iteration 60 / LogL: -4078.711 / Time: 0h:0m:3s (0h:0m:2s left)
Optimizing NNI: done in 0.0367858 secs using 199.9% CPU
Optimizing NNI: done in 0.039402 secs using 199.2% CPU
Optimizing NNI: done in 0.045856 secs using 195% CPU
Optimizing NNI: done in 0.0542231 secs using 199.4% CPU
Optimizing NNI: done in 0.030194 secs using 199.3% CPU
Optimizing NNI: done in 0.0372839 secs using 199.3% CPU
Optimizing NNI: done in 0.0372229 secs using 196.6% CPU
Optimizing NNI: done in 0.0305181 secs using 199.3% CPU
Optimizing NNI: done in 0.048099 secs using 195.7% CPU
Optimizing NNI: done in 0.0251541 secs using 195.5% CPU
Iteration 70 / LogL: -4077.578 / Time: 0h:0m:4s (0h:0m:2s left)
Optimizing NNI: done in 0.0515261 secs using 199.3% CPU
Optimizing NNI: done in 0.0447421 secs using 197.6% CPU
Optimizing NNI: done in 0.0519249 secs using 197.4% CPU
Optimizing NNI: done in 0.0396121 secs using 199.3% CPU
Optimizing NNI: done in 0.0343912 secs using 199.3% CPU
Optimizing NNI: done in 0.0351679 secs using 199.3% CPU
Optimizing NNI: done in 0.034698 secs using 199.2% CPU
Optimizing NNI: done in 0.0353549 secs using 200% CPU
Optimizing NNI: done in 0.0656779 secs using 197.9% CPU
Optimizing NNI: done in 0.0420749 secs using 199.4% CPU
Iteration 80 / LogL: -4079.217 / Time: 0h:0m:4s (0h:0m:1s left)
Optimizing NNI: done in 0.0381079 secs using 196.4% CPU
Optimizing NNI: done in 0.030545 secs using 199.3% CPU
Optimizing NNI: done in 0.0545671 secs using 199.3% CPU
Optimizing NNI: done in 0.0405879 secs using 198.6% CPU
Optimizing NNI: done in 0.0238621 secs using 199.9% CPU
Optimizing NNI: done in 0.048594 secs using 200.2% CPU
Optimizing NNI: done in 0.039166 secs using 198.9% CPU
Optimizing NNI: done in 0.0359302 secs using 198.7% CPU
Optimizing NNI: done in 0.031276 secs using 199.3% CPU
Optimizing NNI: done in 0.0453839 secs using 197.2% CPU
Iteration 90 / LogL: -4079.247 / Time: 0h:0m:5s (0h:0m:0s left)
Optimizing NNI: done in 0.0336559 secs using 199.3% CPU
Optimizing NNI: done in 0.0304601 secs using 199.3% CPU
Optimizing NNI: done in 0.0330379 secs using 196.3% CPU
Optimizing NNI: done in 0.045265 secs using 199.3% CPU
Optimizing NNI: done in 0.050087 secs using 199.2% CPU
Optimizing NNI: done in 0.040432 secs using 199.2% CPU
Optimizing NNI: done in 0.0400329 secs using 196.9% CPU
Optimizing NNI: done in 0.0532742 secs using 193.6% CPU
Optimizing NNI: done in 0.0403099 secs using 194.5% CPU
Optimizing NNI: done in 0.0307789 secs using 199.3% CPU
Iteration 100 / LogL: -4077.631 / Time: 0h:0m:5s (0h:0m:0s left)
Log-likelihood cutoff on original alignment: -4106.249
NOTE: Bootstrap correlation coefficient of split occurrence frequencies: 0.992
Optimizing NNI: done in 0.0397809 secs using 199.9% CPU
Optimizing NNI: done in 0.046953 secs using 199.9% CPU
Optimizing NNI: done in 0.0254021 secs using 200.2% CPU
Optimizing NNI: done in 0.037401 secs using 199.1% CPU
Optimizing NNI: done in 0.046139 secs using 199.8% CPU
TREE SEARCH COMPLETED AFTER 105 ITERATIONS / Time: 0h:0m:5s

--------------------------------------------------------------------
|                    FINALIZING TREE SEARCH                        |
--------------------------------------------------------------------
Performs final model parameters optimization
Estimate model parameters (epsilon = 0.010)
1. Initial log-likelihood: -4077.545
Optimal log-likelihood: -4077.544
Rate parameters:  A-C: 1.45459  A-G: 2.05217  A-T: 1.00000  C-G: 1.45459  C-T: 5.13385  G-T: 1.00000
Base frequencies:  A: 0.250  C: 0.250  G: 0.250  T: 0.250
Proportion of invariable sites: 0.412
Gamma shape alpha: 0.615
Parameters optimization took 1 rounds (0.006 sec)
BEST SCORE FOUND : -4077.544

Testing tree branches by SH-like aLRT with 1000 replicates...
0.143 sec.
Creating bootstrap support values...
Split supports printed to NEXUS file aln_ITS/ALL_ITS_full.fasaln.clipkit.splits.nex
Total tree length: 1.883

Total number of iterations: 105
CPU time used for tree search: 9.978 sec (0h:0m:9s)
Wall-clock time used for tree search: 5.017 sec (0h:0m:5s)
Total CPU time used: 12.077 sec (0h:0m:12s)
Total wall-clock time used: 6.079 sec (0h:0m:6s)

Computing bootstrap consensus tree...
Reading input file aln_ITS/ALL_ITS_full.fasaln.clipkit.splits.nex...
31 taxa and 285 splits.
Consensus tree written to aln_ITS/ALL_ITS_full.fasaln.clipkit.contree
Reading input trees file aln_ITS/ALL_ITS_full.fasaln.clipkit.contree
Log-likelihood of consensus tree: -4078.434

Analysis results written to: 
  IQ-TREE report:                aln_ITS/ALL_ITS_full.fasaln.clipkit.iqtree
  Maximum-likelihood tree:       aln_ITS/ALL_ITS_full.fasaln.clipkit.treefile
  Likelihood distances:          aln_ITS/ALL_ITS_full.fasaln.clipkit.mldist

Ultrafast bootstrap approximation results written to:
  Split support values:          aln_ITS/ALL_ITS_full.fasaln.clipkit.splits.nex
  Consensus tree:                aln_ITS/ALL_ITS_full.fasaln.clipkit.contree
  Screen log file:               aln_ITS/ALL_ITS_full.fasaln.clipkit.log

Date and Time: Mon Feb 12 15:07:34 2024
